<?xml version="1.0" encoding="UTF-8"?>
<!-- Generated by org.testng.reporters.JUnitReportReporter -->
<testsuite skipped="0" hostname="KALAMSIR-PC" name="mypack.Test1" tests="1" failures="0" timestamp="2021-03-14T11:55:57 IST" time="3.101" errors="0">
  <testcase name="method" time="3.101" classname="mypack.Test1"/>
  <system-out/>
</testsuite> <!-- mypack.Test1 -->
